15-Feb-2025 18:14:20.896 INFO  SERVER_LOGS : org.trigear.controller.CouponsController -- get - /coupons = executing getCoupons()
15-Feb-2025 18:14:20.899 TRACE SERVER_LOGS : org.trigear.service.CouponsServiceImplementation -- running getAllCoupons
15-Feb-2025 18:14:20.900 DEBUG SERVER_LOGS : org.trigear.service.CouponsServiceImplementation -- fetching all coupons
15-Feb-2025 18:14:21.172 TRACE SERVER_LOGS : org.trigear.service.CouponsServiceImplementation -- Converting the fetched coupons into CouponsDTO
15-Feb-2025 18:14:21.173 TRACE SERVER_LOGS : org.trigear.service.CouponsServiceImplementation -- running getAllCoupons completed
15-Feb-2025 18:14:21.173 INFO  SERVER_LOGS : org.trigear.controller.CouponsController -- get - /coupons = successfully executed getCoupons()
15-Feb-2025 18:14:43.885 INFO  SERVER_LOGS : org.trigear.controller.UserController -- get - /user/allowedCoupons/{id} = executing getAllowedCoupons(int id)
15-Feb-2025 18:14:43.887 TRACE SERVER_LOGS : org.trigear.service.UserServiceImplementation -- Executing getAllowedCoupons
15-Feb-2025 18:14:43.887 TRACE SERVER_LOGS : org.trigear.service.UserServiceImplementation -- Fetching user with id#3
15-Feb-2025 18:14:43.915 DEBUG SERVER_LOGS : org.trigear.service.UserServiceImplementation -- Fetching all coupons
15-Feb-2025 18:14:43.923 DEBUG SERVER_LOGS : org.trigear.service.UserServiceImplementation -- Fetching all coupons: completed
15-Feb-2025 18:14:43.923 TRACE SERVER_LOGS : org.trigear.service.UserServiceImplementation -- Extracting all allowed coupons
15-Feb-2025 18:14:43.923 TRACE SERVER_LOGS : org.trigear.service.CouponUsageServiceImplementation -- executing canUse
15-Feb-2025 18:14:43.924 DEBUG SERVER_LOGS : org.trigear.service.CouponUsageServiceImplementation -- Fetching couponUsage details for given user and coupon
15-Feb-2025 18:14:43.971 TRACE SERVER_LOGS : org.trigear.service.CouponUsageServiceImplementation -- no record for the given user and coupon found
15-Feb-2025 18:14:43.973 TRACE SERVER_LOGS : org.trigear.service.CouponUsageServiceImplementation -- executing canUse completed
15-Feb-2025 18:14:43.974 TRACE SERVER_LOGS : org.trigear.service.CouponUsageServiceImplementation -- executing canUse
15-Feb-2025 18:14:43.975 DEBUG SERVER_LOGS : org.trigear.service.CouponUsageServiceImplementation -- Fetching couponUsage details for given user and coupon
15-Feb-2025 18:14:43.979 TRACE SERVER_LOGS : org.trigear.service.CouponUsageServiceImplementation -- no record for the given user and coupon found
15-Feb-2025 18:14:43.979 TRACE SERVER_LOGS : org.trigear.service.CouponUsageServiceImplementation -- executing canUse completed
15-Feb-2025 18:14:43.981 TRACE SERVER_LOGS : org.trigear.service.CouponUsageServiceImplementation -- executing canUse
15-Feb-2025 18:14:43.981 DEBUG SERVER_LOGS : org.trigear.service.CouponUsageServiceImplementation -- Fetching couponUsage details for given user and coupon
15-Feb-2025 18:14:43.984 TRACE SERVER_LOGS : org.trigear.service.CouponUsageServiceImplementation -- no record for the given user and coupon found
15-Feb-2025 18:14:43.984 TRACE SERVER_LOGS : org.trigear.service.CouponUsageServiceImplementation -- executing canUse completed
15-Feb-2025 18:14:43.984 TRACE SERVER_LOGS : org.trigear.service.CouponUsageServiceImplementation -- executing canUse
15-Feb-2025 18:14:43.984 DEBUG SERVER_LOGS : org.trigear.service.CouponUsageServiceImplementation -- Fetching couponUsage details for given user and coupon
15-Feb-2025 18:14:43.989 TRACE SERVER_LOGS : org.trigear.service.CouponUsageServiceImplementation -- no record for the given user and coupon found
15-Feb-2025 18:14:43.989 TRACE SERVER_LOGS : org.trigear.service.CouponUsageServiceImplementation -- executing canUse completed
15-Feb-2025 18:14:43.989 TRACE SERVER_LOGS : org.trigear.service.UserServiceImplementation -- Executing getAllowedCoupons completed
15-Feb-2025 18:14:43.989 INFO  SERVER_LOGS : org.trigear.controller.UserController -- get - /user/allowedCoupons/{id} = executing getAllowedCoupons(int id)
15-Feb-2025 18:15:17.641 INFO  SERVER_LOGS : org.trigear.controller.OrderController -- get - /orders = executing getOrders()
15-Feb-2025 18:15:17.641 TRACE SERVER_LOGS : org.trigear.service.OrderServiceImplementation -- Executing getAllOrders
15-Feb-2025 18:15:17.641 DEBUG SERVER_LOGS : org.trigear.service.OrderServiceImplementation -- Fetching all orders from DB
15-Feb-2025 18:15:17.677 DEBUG SERVER_LOGS : org.trigear.service.OrderServiceImplementation -- Fetching all orders from DB: completed
15-Feb-2025 18:15:17.677 TRACE SERVER_LOGS : org.trigear.service.OrderServiceImplementation -- Creating OrderDTO from the order fetched
15-Feb-2025 18:15:17.709 TRACE SERVER_LOGS : org.trigear.service.OrderServiceImplementation -- Executing getAllOrders Completed
15-Feb-2025 18:15:17.709 INFO  SERVER_LOGS : org.trigear.controller.OrderController -- get - /orders = successfully executed getOrders()
15-Feb-2025 18:15:20.494 INFO  SERVER_LOGS : org.trigear.controller.OrderController -- get - /orders/{order_id} = executing getOrder(int id)
15-Feb-2025 18:15:20.494 TRACE SERVER_LOGS : org.trigear.service.OrderServiceImplementation -- Executing getOrdersById
15-Feb-2025 18:15:20.495 DEBUG SERVER_LOGS : org.trigear.service.OrderServiceImplementation -- Fetching the order from the given id#10
15-Feb-2025 18:15:20.503 TRACE SERVER_LOGS : org.trigear.service.OrderServiceImplementation -- Creating OrderDTO from the fetched order
15-Feb-2025 18:15:20.507 TRACE SERVER_LOGS : org.trigear.service.OrderServiceImplementation -- Executing getOrdersById completed
15-Feb-2025 18:15:20.508 INFO  SERVER_LOGS : org.trigear.controller.OrderController -- get - /orders/{order_id} = successfully executed getOrder(int id)
15-Feb-2025 18:15:26.445 INFO  SERVER_LOGS : org.trigear.controller.OrderController -- get - /orders/{order_id} = executing getOrder(int id)
15-Feb-2025 18:15:26.445 TRACE SERVER_LOGS : org.trigear.service.OrderServiceImplementation -- Executing getOrdersById
15-Feb-2025 18:15:26.445 DEBUG SERVER_LOGS : org.trigear.service.OrderServiceImplementation -- Fetching the order from the given id#20
15-Feb-2025 18:15:26.453 ERROR SERVER_LOGS : org.trigear.service.OrderServiceImplementation -- No order with given order id found
15-Feb-2025 18:15:26.454 ERROR SERVER_LOGS : org.trigear.service.OrderServiceImplementation -- [org.trigear.service.OrderServiceImplementation.getOrdersById(OrderServiceImplementation.java:143), org.trigear.controller.OrderController.getOrder(OrderController.java:39), java.base/jdk.internal.reflect.DirectMethodHandleAccessor.invoke(DirectMethodHandleAccessor.java:103), java.base/java.lang.reflect.Method.invoke(Method.java:580), org.springframework.web.method.support.InvocableHandlerMethod.doInvoke(InvocableHandlerMethod.java:257), org.springframework.web.method.support.InvocableHandlerMethod.invokeForRequest(InvocableHandlerMethod.java:190), org.springframework.web.servlet.mvc.method.annotation.ServletInvocableHandlerMethod.invokeAndHandle(ServletInvocableHandlerMethod.java:118), org.springframework.web.servlet.mvc.method.annotation.RequestMappingHandlerAdapter.invokeHandlerMethod(RequestMappingHandlerAdapter.java:986), org.springframework.web.servlet.mvc.method.annotation.RequestMappingHandlerAdapter.handleInternal(RequestMappingHandlerAdapter.java:891), org.springframework.web.servlet.mvc.method.AbstractHandlerMethodAdapter.handle(AbstractHandlerMethodAdapter.java:87), org.springframework.web.servlet.DispatcherServlet.doDispatch(DispatcherServlet.java:1088), org.springframework.web.servlet.DispatcherServlet.doService(DispatcherServlet.java:978), org.springframework.web.servlet.FrameworkServlet.processRequest(FrameworkServlet.java:1014), org.springframework.web.servlet.FrameworkServlet.doGet(FrameworkServlet.java:903), jakarta.servlet.http.HttpServlet.service(HttpServlet.java:564), org.springframework.web.servlet.FrameworkServlet.service(FrameworkServlet.java:885), jakarta.servlet.http.HttpServlet.service(HttpServlet.java:658), org.apache.catalina.core.ApplicationFilterChain.internalDoFilter(ApplicationFilterChain.java:195), org.apache.catalina.core.ApplicationFilterChain.doFilter(ApplicationFilterChain.java:140), org.apache.tomcat.websocket.server.WsFilter.doFilter(WsFilter.java:51), org.apache.catalina.core.ApplicationFilterChain.internalDoFilter(ApplicationFilterChain.java:164), org.apache.catalina.core.ApplicationFilterChain.doFilter(ApplicationFilterChain.java:140), org.springframework.web.filter.RequestContextFilter.doFilterInternal(RequestContextFilter.java:100), org.springframework.web.filter.OncePerRequestFilter.doFilter(OncePerRequestFilter.java:116), org.apache.catalina.core.ApplicationFilterChain.internalDoFilter(ApplicationFilterChain.java:164), org.apache.catalina.core.ApplicationFilterChain.doFilter(ApplicationFilterChain.java:140), org.springframework.web.filter.FormContentFilter.doFilterInternal(FormContentFilter.java:93), org.springframework.web.filter.OncePerRequestFilter.doFilter(OncePerRequestFilter.java:116), org.apache.catalina.core.ApplicationFilterChain.internalDoFilter(ApplicationFilterChain.java:164), org.apache.catalina.core.ApplicationFilterChain.doFilter(ApplicationFilterChain.java:140), org.springframework.web.filter.CharacterEncodingFilter.doFilterInternal(CharacterEncodingFilter.java:201), org.springframework.web.filter.OncePerRequestFilter.doFilter(OncePerRequestFilter.java:116), org.apache.catalina.core.ApplicationFilterChain.internalDoFilter(ApplicationFilterChain.java:164), org.apache.catalina.core.ApplicationFilterChain.doFilter(ApplicationFilterChain.java:140), org.apache.catalina.core.StandardWrapperValve.invoke(StandardWrapperValve.java:167), org.apache.catalina.core.StandardContextValve.invoke(StandardContextValve.java:90), org.apache.catalina.authenticator.AuthenticatorBase.invoke(AuthenticatorBase.java:483), org.apache.catalina.core.StandardHostValve.invoke(StandardHostValve.java:115), org.apache.catalina.valves.ErrorReportValve.invoke(ErrorReportValve.java:93), org.apache.catalina.core.StandardEngineValve.invoke(StandardEngineValve.java:74), org.apache.catalina.connector.CoyoteAdapter.service(CoyoteAdapter.java:344), org.apache.coyote.http11.Http11Processor.service(Http11Processor.java:397), org.apache.coyote.AbstractProcessorLight.process(AbstractProcessorLight.java:63), org.apache.coyote.AbstractProtocol$ConnectionHandler.process(AbstractProtocol.java:905), org.apache.tomcat.util.net.NioEndpoint$SocketProcessor.doRun(NioEndpoint.java:1741), org.apache.tomcat.util.net.SocketProcessorBase.run(SocketProcessorBase.java:52), org.apache.tomcat.util.threads.ThreadPoolExecutor.runWorker(ThreadPoolExecutor.java:1190), org.apache.tomcat.util.threads.ThreadPoolExecutor$Worker.run(ThreadPoolExecutor.java:659), org.apache.tomcat.util.threads.TaskThread$WrappingRunnable.run(TaskThread.java:63), java.base/java.lang.Thread.run(Thread.java:1570)]
15-Feb-2025 18:15:26.454 INFO  SERVER_LOGS : org.trigear.controller.OrderController -- get - /orders/{order_id} = successfully executed getOrder(int id)
15-Feb-2025 18:15:29.703 INFO  SERVER_LOGS : org.trigear.controller.OrderController -- get - /orders/{order_id} = executing getOrder(int id)
15-Feb-2025 18:15:29.703 TRACE SERVER_LOGS : org.trigear.service.OrderServiceImplementation -- Executing getOrdersById
15-Feb-2025 18:15:29.703 DEBUG SERVER_LOGS : org.trigear.service.OrderServiceImplementation -- Fetching the order from the given id#10
15-Feb-2025 18:15:29.711 TRACE SERVER_LOGS : org.trigear.service.OrderServiceImplementation -- Creating OrderDTO from the fetched order
15-Feb-2025 18:15:29.715 TRACE SERVER_LOGS : org.trigear.service.OrderServiceImplementation -- Executing getOrdersById completed
15-Feb-2025 18:15:29.715 INFO  SERVER_LOGS : org.trigear.controller.OrderController -- get - /orders/{order_id} = successfully executed getOrder(int id)
